<?xml version="1.0" encoding="UTF-8"?>
<!-- Generated by org.testng.reporters.JUnitXMLReporter -->
<testsuite hostname="ajay-PC" ignored="0" name="Default test" tests="2" failures="0" timestamp="03 Jan 2020 06:06:34 GMT" time="52.938" errors="0">
  <testcase name="fitnessCalculator" time="19.837" classname="com.nationalguard.ddf.testcases.CareerOptionsLinksTest"/>
  <testcase name="fitnessCalculator" time="29.292" classname="com.nationalguard.ddf.testcases.CareerOptionsLinksTest"/>
</testsuite> <!-- Default test -->
