<?xml version="1.0" encoding="UTF-8"?>
<!-- Generated by org.testng.reporters.JUnitXMLReporter -->
<testsuite hostname="ajay-PC" ignored="0" name="FitnessCalculatorTest" tests="2" failures="0" timestamp="21 Dec 2019 05:40:36 GMT" time="39.953" errors="0">
  <testcase name="fitnessCalculator" time="16.107" classname="com.nationalguard.ddf.testcases.FitnessCal"/>
  <testcase name="fitnessCalculator" time="21.164" classname="com.nationalguard.ddf.testcases.FitnessCal"/>
</testsuite> <!-- FitnessCalculatorTest -->
