<?xml version="1.0" encoding="UTF-8"?>
<!-- Generated by org.testng.reporters.JUnitXMLReporter -->
<testsuite hostname="ajay-PC" ignored="0" name="GetStartedTest" tests="3" failures="0" timestamp="21 Dec 2019 05:39:56 GMT" time="60.057" errors="0">
  <testcase name="getStartedForm" time="28.1" classname="com.nationalguard.ddf.testcases.NationalGuardGetStarted"/>
  <testcase name="getStartedForm" time="27.81" classname="com.nationalguard.ddf.testcases.NationalGuardGetStarted"/>
  <testcase name="getStartedForm" time="0.01" classname="com.nationalguard.ddf.testcases.NationalGuardGetStarted">
    <skipped/>
  </testcase> <!-- getStartedForm -->
</testsuite> <!-- GetStartedTest -->
