<?xml version="1.0" encoding="UTF-8"?>
<!-- Generated by org.testng.reporters.JUnitXMLReporter -->
<testsuite hostname="ajay-PC" ignored="0" name="GuardPayTest" tests="2" failures="0" timestamp="21 Dec 2019 05:42:15 GMT" time="52.484" errors="0">
  <testcase name="guardpayEnlisted" time="24.463" classname="com.nationalguard.ddf.testcases.GuardPayTest"/>
  <testcase name="guardpayEnlisted" time="25.733" classname="com.nationalguard.ddf.testcases.GuardPayTest"/>
</testsuite> <!-- GuardPayTest -->
