<?xml version="1.0" encoding="UTF-8"?>
<!-- Generated by org.testng.reporters.JUnitXMLReporter -->
<testsuite hostname="ajay-PC" ignored="0" name="TestB" tests="2" failures="0" timestamp="18 Dec 2019 00:34:21 GMT" time="0.309" errors="0">
  <testcase name="testB" time="0.006" classname="com.nationalguard.ddf.testcases.DummyTestB">
    <skipped/>
  </testcase> <!-- testB -->
  <testcase name="testB" time="0.01" classname="com.nationalguard.ddf.testcases.DummyTestB">
    <skipped/>
  </testcase> <!-- testB -->
</testsuite> <!-- TestB -->
