<?xml version="1.0" encoding="UTF-8"?>
<!-- Generated by org.testng.reporters.JUnitXMLReporter -->
<testsuite hostname="ajay-PC" ignored="0" name="TestD" tests="3" failures="0" timestamp="16 Dec 2019 02:00:39 GMT" time="77.673" errors="0">
  <testcase name="getStartedForm" time="25.157" classname="com.nationalguard.ddf.testcases.NationalGuardGetStarted"/>
  <testcase name="getStartedForm" time="25.202" classname="com.nationalguard.ddf.testcases.NationalGuardGetStarted"/>
  <testcase name="getStartedForm" time="24.473" classname="com.nationalguard.ddf.testcases.NationalGuardGetStarted"/>
</testsuite> <!-- TestD -->
