<?xml version="1.0" encoding="UTF-8"?>
<!-- Generated by org.testng.reporters.JUnitXMLReporter -->
<testsuite hostname="ajay-PC" ignored="0" name="TestC" tests="4" failures="0" timestamp="18 Dec 2019 00:34:21 GMT" time="0.476" errors="0">
  <testcase name="testC" time="0.01" classname="com.nationalguard.ddf.testcases.DummyTestC">
    <skipped/>
  </testcase> <!-- testC -->
  <testcase name="testC" time="0.01" classname="com.nationalguard.ddf.testcases.DummyTestC">
    <skipped/>
  </testcase> <!-- testC -->
  <testcase name="testC" time="0.01" classname="com.nationalguard.ddf.testcases.DummyTestC">
    <skipped/>
  </testcase> <!-- testC -->
  <testcase name="testC" time="0.005" classname="com.nationalguard.ddf.testcases.DummyTestC">
    <skipped/>
  </testcase> <!-- testC -->
</testsuite> <!-- TestC -->
