<?xml version="1.0" encoding="UTF-8"?>
<!-- Generated by org.testng.reporters.JUnitXMLReporter -->
<testsuite hostname="ajay-PC" ignored="0" name="TestA" tests="5" failures="0" timestamp="18 Dec 2019 00:34:20 GMT" time="1.986" errors="0">
  <testcase name="testA1" time="0.025" classname="com.nationalguard.ddf.testcases.DummyTestA">
    <skipped/>
  </testcase> <!-- testA1 -->
  <testcase name="testA1" time="0.005" classname="com.nationalguard.ddf.testcases.DummyTestA">
    <skipped/>
  </testcase> <!-- testA1 -->
  <testcase name="testA1" time="0.01" classname="com.nationalguard.ddf.testcases.DummyTestA">
    <skipped/>
  </testcase> <!-- testA1 -->
  <testcase name="testA2" time="0.0" classname="com.nationalguard.ddf.testcases.DummyTestA">
    <skipped/>
  </testcase> <!-- testA2 -->
  <testcase name="testA3" time="0.0" classname="com.nationalguard.ddf.testcases.DummyTestA">
    <skipped/>
  </testcase> <!-- testA3 -->
</testsuite> <!-- TestA -->
