<?xml version="1.0" encoding="UTF-8"?>
<!-- Generated by org.testng.reporters.JUnitXMLReporter -->
<testsuite hostname="ajay-PC" ignored="0" name="WeightCalculatorTest" tests="2" failures="0" timestamp="21 Dec 2019 05:41:22 GMT" time="46.666" errors="0">
  <testcase name="weightCalculatorMale" time="16.208" classname="com.nationalguard.ddf.testcases.WeightCalculatorTest"/>
  <testcase name="weightCalculatorMale" time="27.84" classname="com.nationalguard.ddf.testcases.WeightCalculatorTest"/>
</testsuite> <!-- WeightCalculatorTest -->
